<?xml version='1.0' encoding='UTF-8' ?>
<testsuite name="com.example.cookingunitconverter.ExampleInstrumentedTest" tests="1" failures="0" errors="0" skipped="0" time="0.001" timestamp="2022-12-23T04:06:35" hostname="localhost">
  <properties>
    <property name="device" value="Pixel_6_API_33(AVD) - 13" />
    <property name="flavor" value="" />
    <property name="project" value=":app" />
  </properties>
  <testcase name="calculate_gallons_to_cups_without_rounding" classname="com.example.cookingunitconverter.ExampleInstrumentedTest" time="0.001" />
</testsuite>